<?xml version="1.0" encoding="UTF-8"?>
<!-- Generated by org.testng.reporters.JUnitXMLReporter -->
<testsuite ignored="0" hostname="DESKTOP-4J64PHA" failures="0" tests="3" name="Default test" time="8.937" errors="0" timestamp="08 Jun 2021 16:43:59 GMT">
  <testcase classname="org.test.ParallelExcution" name="test1" time="0.209"/>
  <testcase classname="org.test.ParallelExcution" name="test1" time="0.182"/>
  <testcase classname="org.test.ParallelExcution" name="test1" time="0.142"/>
</testsuite> <!-- Default test -->
