<?xml version="1.0" encoding="UTF-8"?>
<!-- Generated by org.testng.reporters.JUnitXMLReporter -->
<testsuite ignored="0" hostname="DESKTOP-4J64PHA" failures="0" tests="8" name="Default test" time="8.651" errors="0" timestamp="07 Jun 2021 16:49:23 GMT">
  <testcase classname="org.test.ParallelExcution" name="test1" time="0.228"/>
  <testcase classname="org.test.ParallelExcution" name="test1" time="0.17"/>
  <testcase classname="org.test.ParallelExcution" name="test1" time="0.161"/>
  <testcase classname="org.test.ParallelExcution" name="test1" time="0.164"/>
  <testcase classname="org.test.ParallelExcution" name="test2" time="0.149"/>
  <testcase classname="org.test.ParallelExcution" name="test2" time="0.153"/>
  <testcase classname="org.test.ParallelExcution" name="test2" time="0.155"/>
  <testcase classname="org.test.ParallelExcution" name="test2" time="0.157"/>
</testsuite> <!-- Default test -->
