<?xml version="1.0" encoding="UTF-8"?>
<!-- Generated by org.testng.reporters.JUnitXMLReporter -->
<testsuite ignored="4" hostname="DESKTOP-4J64PHA" failures="0" tests="3" name="Test" time="0.052" errors="0" timestamp="07 Jun 2021 14:55:26 GMT">
  <testcase classname="org.test.TestNGGrouping" name="test2" time="0.012"/>
  <testcase classname="org.test.TestNGGrouping" name="test4" time="0.002"/>
  <testcase classname="org.test.TestNGGrouping" name="test7" time="0.005"/>
  <testcase classname="org.test.TestNGGrouping" name="test5" time="0.0">
    <ignored/>
  </testcase> <!-- test5 -->
  <testcase classname="org.test.TestNGGrouping" name="test6" time="0.0">
    <ignored/>
  </testcase> <!-- test6 -->
  <testcase classname="org.test.TestNGGrouping" name="test1" time="0.0">
    <ignored/>
  </testcase> <!-- test1 -->
  <testcase classname="org.test.TestNGGrouping" name="test3" time="0.0">
    <ignored/>
  </testcase> <!-- test3 -->
</testsuite> <!-- Test -->
