<?xml version="1.0" encoding="UTF-8"?>
<testng-results ignored="0" total="8" passed="8" failed="0" skipped="0">
  <reporter-output>
  </reporter-output>
  <suite started-at="2021-06-07T16:49:14Z" name="Default suite" finished-at="2021-06-07T16:49:23Z" duration-ms="8651">
    <groups>
    </groups>
    <test started-at="2021-06-07T16:49:14Z" name="Default test" finished-at="2021-06-07T16:49:23Z" duration-ms="8651">
      <class name="org.test.ParallelExcution">
        <test-method is-config="true" signature="launch()[pri:0, instance:org.test.ParallelExcution@59d4cd39]" started-at="2021-06-07T16:49:14Z" name="launch" finished-at="2021-06-07T16:49:21Z" duration-ms="6486" status="PASS">
          <reporter-output>
          </reporter-output>
        </test-method> <!-- launch -->
        <test-method signature="test1(java.lang.String, java.lang.String)[pri:0, instance:org.test.ParallelExcution@59d4cd39]" started-at="2021-06-07T16:49:21Z" name="test1" data-provider="sanity" finished-at="2021-06-07T16:49:21Z" duration-ms="228" status="PASS">
          <params>
            <param index="0">
              <value>
                <![CDATA[ruban]]>
              </value>
            </param>
            <param index="1">
              <value>
                <![CDATA[12345]]>
              </value>
            </param>
          </params>
          <reporter-output>
          </reporter-output>
        </test-method> <!-- test1 -->
        <test-method signature="test1(java.lang.String, java.lang.String)[pri:0, instance:org.test.ParallelExcution@59d4cd39]" started-at="2021-06-07T16:49:21Z" name="test1" data-provider="sanity" finished-at="2021-06-07T16:49:21Z" duration-ms="170" status="PASS">
          <params>
            <param index="0">
              <value>
                <![CDATA[kumar]]>
              </value>
            </param>
            <param index="1">
              <value>
                <![CDATA[45678]]>
              </value>
            </param>
          </params>
          <reporter-output>
          </reporter-output>
        </test-method> <!-- test1 -->
        <test-method signature="test1(java.lang.String, java.lang.String)[pri:0, instance:org.test.ParallelExcution@59d4cd39]" started-at="2021-06-07T16:49:21Z" name="test1" data-provider="sanity" finished-at="2021-06-07T16:49:21Z" duration-ms="161" status="PASS">
          <params>
            <param index="0">
              <value>
                <![CDATA[raj]]>
              </value>
            </param>
            <param index="1">
              <value>
                <![CDATA[45672]]>
              </value>
            </param>
          </params>
          <reporter-output>
          </reporter-output>
        </test-method> <!-- test1 -->
        <test-method signature="test1(java.lang.String, java.lang.String)[pri:0, instance:org.test.ParallelExcution@59d4cd39]" started-at="2021-06-07T16:49:21Z" name="test1" data-provider="sanity" finished-at="2021-06-07T16:49:22Z" duration-ms="164" status="PASS">
          <params>
            <param index="0">
              <value>
                <![CDATA[kishore]]>
              </value>
            </param>
            <param index="1">
              <value>
                <![CDATA[45236]]>
              </value>
            </param>
          </params>
          <reporter-output>
          </reporter-output>
        </test-method> <!-- test1 -->
        <test-method signature="test2(java.lang.String, java.lang.String)[pri:0, instance:org.test.ParallelExcution@59d4cd39]" started-at="2021-06-07T16:49:22Z" name="test2" data-provider="sanity" finished-at="2021-06-07T16:49:22Z" duration-ms="149" status="PASS">
          <params>
            <param index="0">
              <value>
                <![CDATA[ruban]]>
              </value>
            </param>
            <param index="1">
              <value>
                <![CDATA[12345]]>
              </value>
            </param>
          </params>
          <reporter-output>
          </reporter-output>
        </test-method> <!-- test2 -->
        <test-method signature="test2(java.lang.String, java.lang.String)[pri:0, instance:org.test.ParallelExcution@59d4cd39]" started-at="2021-06-07T16:49:22Z" name="test2" data-provider="sanity" finished-at="2021-06-07T16:49:22Z" duration-ms="153" status="PASS">
          <params>
            <param index="0">
              <value>
                <![CDATA[kumar]]>
              </value>
            </param>
            <param index="1">
              <value>
                <![CDATA[45678]]>
              </value>
            </param>
          </params>
          <reporter-output>
          </reporter-output>
        </test-method> <!-- test2 -->
        <test-method signature="test2(java.lang.String, java.lang.String)[pri:0, instance:org.test.ParallelExcution@59d4cd39]" started-at="2021-06-07T16:49:22Z" name="test2" data-provider="sanity" finished-at="2021-06-07T16:49:22Z" duration-ms="155" status="PASS">
          <params>
            <param index="0">
              <value>
                <![CDATA[raj]]>
              </value>
            </param>
            <param index="1">
              <value>
                <![CDATA[45672]]>
              </value>
            </param>
          </params>
          <reporter-output>
          </reporter-output>
        </test-method> <!-- test2 -->
        <test-method signature="test2(java.lang.String, java.lang.String)[pri:0, instance:org.test.ParallelExcution@59d4cd39]" started-at="2021-06-07T16:49:22Z" name="test2" data-provider="sanity" finished-at="2021-06-07T16:49:22Z" duration-ms="157" status="PASS">
          <params>
            <param index="0">
              <value>
                <![CDATA[kishore]]>
              </value>
            </param>
            <param index="1">
              <value>
                <![CDATA[45236]]>
              </value>
            </param>
          </params>
          <reporter-output>
          </reporter-output>
        </test-method> <!-- test2 -->
        <test-method is-config="true" signature="quit()[pri:0, instance:org.test.ParallelExcution@59d4cd39]" started-at="2021-06-07T16:49:22Z" name="quit" finished-at="2021-06-07T16:49:23Z" duration-ms="783" status="PASS">
          <reporter-output>
          </reporter-output>
        </test-method> <!-- quit -->
      </class> <!-- org.test.ParallelExcution -->
    </test> <!-- Default test -->
  </suite> <!-- Default suite -->
</testng-results>
