<?xml version="1.0" encoding="UTF-8"?>
<testng-results ignored="0" total="0" passed="0" failed="0" skipped="0">
  <reporter-output>
  </reporter-output>
  <suite started-at="2021-06-09T05:45:24Z" name="Suite" finished-at="2021-06-09T05:45:24Z" duration-ms="132">
    <groups>
    </groups>
    <test started-at="2021-06-09T05:45:24Z" name="crossbrowserTest1" finished-at="2021-06-09T05:45:24Z" duration-ms="9">
    </test> <!-- crossbrowserTest1 -->
    <test started-at="2021-06-09T05:45:24Z" name="crossbrowserTest2" finished-at="2021-06-09T05:45:24Z" duration-ms="1">
    </test> <!-- crossbrowserTest2 -->
  </suite> <!-- Suite -->
</testng-results>
